#
# A fatal error has been detected by the Java Runtime Environment:
#
#  SIGBUS (0x7) at pc=0x00007f966c71e850, pid=22397, tid=140283084789504
#
# JRE version: 6.0_34-b04
# Java VM: Java HotSpot(TM) 64-Bit Server VM (20.9-b04 mixed mode linux-amd64 compressed oops)
# Problematic frame:
# 
[error occurred during error reporting (printing problematic frame), id 0x7]

# If you would like to submit a bug report, please visit:
#   http://java.sun.com/webapps/bugreport/crash.jsp
# The crash happened outside the Java Virtual Machine in native code.
# See problematic frame for where to report the bug.
#

---------------  T H R E A D  ---------------

Current thread (0x00007f9670207800):  JavaThread "LWJGL Application" [_thread_in_native, id=22420, stack(0x00007f96335fd000,0x00007f96336fe000)]

siginfo:si_signo=SIGBUS: si_errno=0, si_code=2 (BUS_ADRERR), si_addr=0x00007f966c970810

Registers:
RAX=0x0000000000000000, RBX=0x00000000beec5a38, RCX=0x0000000000000000, RDX=0x0000000000000000
RSP=0x00007f96336fc558, RBP=0x00007f96336fc608, RSI=0x00007f961c74e5c0, RDI=0x00007f961c74e5c0
R8 =0x00000000000001e0, R9 =0x0000000000000140, R10=0x0000000000000000, R11=0x00000000000001e0
R12=0x0000000000000000, R13=0x00000000beec5a38, R14=0x00007f96336fc680, R15=0x00007f9670207800
RIP=0x00007f966c71e850, EFLAGS=0x0000000000010283, CSGSFS=0x0000000000000033, ERR=0x0000000000000004
  TRAPNO=0x000000000000000e

Top of Stack: (sp=0x00007f96336fc558)
0x00007f96336fc558:   00007f966d010eee 00007f9600000000
0x00007f96336fc568:   0000000000000000 00000000000001e0
0x00007f96336fc578:   00007f9600000140 00000000000001e0
0x00007f96336fc588:   00007f9600000140 00000000bec6d418
0x00007f96336fc598:   00000000beece008 00000000bec69388
0x00007f96336fc5a8:   0000000000000000 00007f96336fc5c8
0x00007f96336fc5b8:   00007f96321a9355 0000000000000001
0x00007f96336fc5c8:   00007f96336fc5c8 0000000000000000
0x00007f96336fc5d8:   00007f96336fc680 00000000beec6110
0x00007f96336fc5e8:   0000000000000000 00000000beec5a38
0x00007f96336fc5f8:   0000000000000000 00007f96336fc628
0x00007f96336fc608:   00007f96336fc6c8 00007f966d005a82
0x00007f96336fc618:   00000000beec60a8 00007f966d00df58
0x00007f96336fc628:   0000000000000140 00000000000001e0
0x00007f96336fc638:   0000000000000000 0000000000000000
0x00007f96336fc648:   0000000000000140 00000000000001e0
0x00007f96336fc658:   0000000000000000 0000000000000000
0x00007f96336fc668:   00007f961c74e5c0 00007f96336fc6c8
0x00007f96336fc678:   00007f961c74e5c0 00000000ec57cd50
0x00007f96336fc688:   00007f96336fc688 00000000beec42be
0x00007f96336fc698:   00007f96336fc710 00000000beec6110
0x00007f96336fc6a8:   00000000beed8b40 00000000beec4330
0x00007f96336fc6b8:   00007f96336fc628 00007f96336fc6d8
0x00007f96336fc6c8:   00007f96336fc758 00007f966d005a82
0x00007f96336fc6d8:   0000000000000140 00000000000001e0
0x00007f96336fc6e8:   0000000000000000 0000000000000000
0x00007f96336fc6f8:   0000000000000000 0000000000000000
0x00007f96336fc708:   00000000ec57c8e0 00000000ec57c8e0
0x00007f96336fc718:   00007f96336fc718 00000000beebdf2a
0x00007f96336fc728:   00007f96336fc7a0 00000000beebf578
0x00007f96336fc738:   00000000beed8a60 00000000beebdf98
0x00007f96336fc748:   00007f96336fc6d8 00007f96336fc768 

Instructions: (pc=0x00007f966c71e850)
0x00007f966c71e830:   ff 25 ca 1f 25 00 68 00 01 00 00 e9 e0 ef ff ff
0x00007f966c71e840:   ff 25 c2 1f 25 00 68 01 01 00 00 e9 d0 ef ff ff
0x00007f966c71e850:   ff 25 ba 1f 25 00 68 02 01 00 00 e9 c0 ef ff ff
0x00007f966c71e860:   ff 25 b2 1f 25 00 68 03 01 00 00 e9 b0 ef ff ff 

Register to memory mapping:

RAX=0x0000000000000000 is an unknown value
RBX=0x00000000beec5a38 is an oop
{method} 
 - klass: {other class}
RCX=0x0000000000000000 is an unknown value
RDX=0x0000000000000000 is an unknown value
RSP=0x00007f96336fc558 is pointing into the stack for thread: 0x00007f9670207800
RBP=0x00007f96336fc608 is pointing into the stack for thread: 0x00007f9670207800
RSI=0x00007f961c74e5c0 is an unknown value
RDI=0x00007f961c74e5c0 is an unknown value
R8 =0x00000000000001e0 is an unknown value
R9 =0x0000000000000140 is an unknown value
R10=0x0000000000000000 is an unknown value
R11=0x00000000000001e0 is an unknown value
R12=0x0000000000000000 is an unknown value
R13=0x00000000beec5a38 is an oop
{method} 
 - klass: {other class}
R14=0x00007f96336fc680 is pointing into the stack for thread: 0x00007f9670207800
R15=0x00007f9670207800 is a thread


Stack: [0x00007f96335fd000,0x00007f96336fe000],  sp=0x00007f96336fc558,  free space=1021k
Native frames: (J=compiled Java code, j=interpreted, Vv=VM code, C=native code)
